<?xml version="1.0" encoding="UTF-8"?>
<!-- Generated by org.testng.reporters.JUnitXMLReporter -->
<testsuite ignored="0" hostname="Kartik-PC" failures="0" tests="2" name="Default test" time="22.747" errors="0" timestamp="2022-01-14T18:44:50 IST">
  <testcase classname="com.testingshastra.uitests.homepagetests.Travel" name="VerifySeachResulTfORShoes" time="0.011"/>
  <testcase classname="com.testingshastra.uitests.homepagetests.Travel" name="verifyErrorOnSelectingSameCitiesasSourcsAndDestination" time="14.046"/>
</testsuite> <!-- Default test -->
