<?xml version="1.0" encoding="UTF-8"?>
<testng-results ignored="0" total="2" passed="2" failed="0" skipped="0">
  <reporter-output>
  </reporter-output>
  <suite started-at="2022-01-14T18:44:27 IST" name="Default suite" finished-at="2022-01-14T18:44:50 IST" duration-ms="22747">
    <groups>
    </groups>
    <test started-at="2022-01-14T18:44:27 IST" name="Default test" finished-at="2022-01-14T18:44:50 IST" duration-ms="22747">
      <class name="com.testingshastra.uitests.homepagetests.Travel">
        <test-method is-config="true" signature="setUp()[pri:0, instance:com.testingshastra.uitests.homepagetests.Travel@57cf54e1]" started-at="2022-01-14T18:44:27 IST" name="setUp" finished-at="2022-01-14T18:44:32 IST" duration-ms="4989" status="PASS">
          <reporter-output>
          </reporter-output>
        </test-method> <!-- setUp -->
        <test-method signature="VerifySeachResulTfORShoes()[pri:0, instance:com.testingshastra.uitests.homepagetests.Travel@57cf54e1]" started-at="2022-01-14T18:44:32 IST" name="VerifySeachResulTfORShoes" finished-at="2022-01-14T18:44:32 IST" duration-ms="11" status="PASS">
          <reporter-output>
          </reporter-output>
        </test-method> <!-- VerifySeachResulTfORShoes -->
        <test-method is-config="true" signature="tearDown()[pri:0, instance:com.testingshastra.uitests.homepagetests.Travel@57cf54e1]" started-at="2022-01-14T18:44:32 IST" name="tearDown" finished-at="2022-01-14T18:44:32 IST" duration-ms="291" status="PASS">
          <reporter-output>
          </reporter-output>
        </test-method> <!-- tearDown -->
        <test-method is-config="true" signature="setUp()[pri:0, instance:com.testingshastra.uitests.homepagetests.Travel@57cf54e1]" started-at="2022-01-14T18:44:32 IST" name="setUp" finished-at="2022-01-14T18:44:36 IST" duration-ms="3291" status="PASS">
          <reporter-output>
          </reporter-output>
        </test-method> <!-- setUp -->
        <test-method signature="verifyErrorOnSelectingSameCitiesasSourcsAndDestination()[pri:0, instance:com.testingshastra.uitests.homepagetests.Travel@57cf54e1]" started-at="2022-01-14T18:44:36 IST" name="verifyErrorOnSelectingSameCitiesasSourcsAndDestination" finished-at="2022-01-14T18:44:50 IST" duration-ms="14046" status="PASS">
          <reporter-output>
          </reporter-output>
        </test-method> <!-- verifyErrorOnSelectingSameCitiesasSourcsAndDestination -->
        <test-method is-config="true" signature="tearDown()[pri:0, instance:com.testingshastra.uitests.homepagetests.Travel@57cf54e1]" started-at="2022-01-14T18:44:50 IST" name="tearDown" finished-at="2022-01-14T18:44:50 IST" duration-ms="77" status="PASS">
          <reporter-output>
          </reporter-output>
        </test-method> <!-- tearDown -->
      </class> <!-- com.testingshastra.uitests.homepagetests.Travel -->
    </test> <!-- Default test -->
  </suite> <!-- Default suite -->
</testng-results>
